    INFO DiskAnalyzer: Do call. Scan started.
    INFO DiskAnalyzer: Do call. Scan started.
    INFO DiskAnalyzer: Do call. Scan started.
    INFO DiskAnalyzer: Do call. Scan started.
    INFO DiskAnalyzer: Do call. Scan started.
    INFO DiskAnalyzer: Do call. Scan started.
    INFO DiskAnalyzer: Do call. Scan started.
    INFO DiskAnalyzer: Do call. Scan started.
    INFO DiskAnalyzer: Do call. Scan started.
    INFO DiskAnalyzer: Do call. Scan started.
    INFO DiskAnalyzer: Do call. Scan started!
   TRACE DiskAnalyzer: Launched!
   TRACE DiskAnalyzer: Current directory: 'example Ч копи€'
   TRACE DiskAnalyzer: Process status: 0.0 -> 0.16666666666666666. Files amount: 0. Cur lvl list: 1
   TRACE DiskAnalyzer: Go in subdir
   TRACE DiskAnalyzer: Go in superdir
   TRACE DiskAnalyzer: Go in subdir
   TRACE DiskAnalyzer: Go in superdir
   TRACE DiskAnalyzer: Process status: 0.16666666666666666 -> 0.3333333333333333. Files amount: 0. Cur lvl list: 1
   TRACE DiskAnalyzer: Go in subdir
   TRACE DiskAnalyzer: Go in superdir
   TRACE DiskAnalyzer: Go in subdir
   TRACE DiskAnalyzer: Go in superdir
   TRACE DiskAnalyzer: Go in subdir
   TRACE DiskAnalyzer: Go in superdir
   TRACE DiskAnalyzer: Process status: 0.3333333333333333 -> 0.5. Files amount: 0. Cur lvl list: 1
   TRACE DiskAnalyzer: Finish! File: 'D:\Downloads\example Ч копи€'. Size: 3098928
    INFO DiskAnalyzer: Do call. Scan started!
   TRACE DiskAnalyzer: Launched!
   TRACE DiskAnalyzer: Current directory: 'example Ч копи€'
   TRACE DiskAnalyzer: Process status: 0.0 -> 0.16666666666666666. Files amount: 0. Cur lvl list: 1
   TRACE DiskAnalyzer: Go in subdir
   TRACE DiskAnalyzer: Go in superdir
   TRACE DiskAnalyzer: Go in subdir
   TRACE DiskAnalyzer: Go in superdir
   TRACE DiskAnalyzer: Process status: 0.16666666666666666 -> 0.3333333333333333. Files amount: 0. Cur lvl list: 1
   TRACE DiskAnalyzer: Go in subdir
   TRACE DiskAnalyzer: Go in superdir
   TRACE DiskAnalyzer: Go in subdir
   TRACE DiskAnalyzer: Go in superdir
   TRACE DiskAnalyzer: Go in subdir
   TRACE DiskAnalyzer: Go in superdir
   TRACE DiskAnalyzer: Process status: 0.3333333333333333 -> 0.5. Files amount: 0. Cur lvl list: 1
   TRACE DiskAnalyzer: Finish! File: 'D:\Downloads\example Ч копи€'. Size: 3098928
    INFO DiskAnalyzer: Do call. Scan started!
   TRACE DiskAnalyzer: Launched!
   TRACE DiskAnalyzer: Current directory: 'example Ч копи€'
   TRACE DiskAnalyzer: Process status: 0.0 -> 0.16666666666666666. Files amount: 0. Cur lvl list: 1
   TRACE DiskAnalyzer: Go in subdir
   TRACE DiskAnalyzer: Go in superdir
   TRACE DiskAnalyzer: Go in subdir
   TRACE DiskAnalyzer: Go in superdir
   TRACE DiskAnalyzer: Process status: 0.16666666666666666 -> 0.3333333333333333. Files amount: 0. Cur lvl list: 1
   TRACE DiskAnalyzer: Go in subdir
   TRACE DiskAnalyzer: Go in superdir
   TRACE DiskAnalyzer: Go in subdir
   TRACE DiskAnalyzer: Go in superdir
   TRACE DiskAnalyzer: Go in subdir
   TRACE DiskAnalyzer: Go in superdir
   TRACE DiskAnalyzer: Process status: 0.3333333333333333 -> 0.5. Files amount: 0. Cur lvl list: 1
   TRACE DiskAnalyzer: Finish! File: 'D:\Downloads\example Ч копи€'. Size: 3098928
