    INFO SettingsConstants: 'SAVE REPORTS AUTOMATICALLY' was changed: true replaced by false
    INFO SettingsConstants: 'START ANALYSIS WITH APP START' was changed: true replaced by false
    INFO SettingsConstants: 'START ANALYSIS WITH APP START' was changed: false replaced by true
    INFO SettingsConstants: 'DEFAULT ANALYZED FOLDER' was changed: D:\Downloads\example Ч копи€ replaced by D:\Downloads\example2
    INFO SettingsConstants: 'SAVE REPORTS AUTOMATICALLY' was changed: false replaced by true
    INFO SettingsConstants: 'DEFAULT ANALYZED FOLDER' was changed: D:\Downloads\example2 replaced by D:\Downloads\example2
    INFO SettingsConstants: 'START ANALYSIS WITH APP START' was changed: true replaced by false
    INFO SettingsConstants: 'SAVE REPORTS AUTOMATICALLY' was changed: true replaced by false
    INFO SettingsConstants: 'START APP WITH WINDOWS' was changed: false replaced by true
    INFO SettingsConstants: 'SAVE REPORTS AUTOMATICALLY' was changed: false replaced by true
    INFO SettingsConstants: 'BAR SIZE' was changed: 11.764705882352944 replaced by 43.38235294117647
    INFO SettingsConstants: 'SLIDER NUMBER' was changed: 100.0 replaced by 73.52941176470588
    INFO SettingsConstants: 'START ANALYSIS WITH APP START' was changed: false replaced by true
    INFO SettingsConstants: 'SAVE REPORTS AUTOMATICALLY' was changed: true replaced by false
    INFO SettingsConstants: 'BAR SIZE' was changed: 43.38235294117647 replaced by 13.970588235294118
    INFO SettingsConstants: 'SLIDER NUMBER' was changed: 73.52941176470588 replaced by 100.0
    INFO SettingsConstants: Try restore settings
   ERROR SettingsConstants: Successful restore settings!
    INFO SettingsConstants: Try save settings
   ERROR SettingsConstants: Successful restore settings!
    INFO SettingsConstants: Try save settings
   ERROR SettingsConstants: Successful restore settings!
    INFO SettingsConstants: Try save settings
   ERROR SettingsConstants: Successful restore settings!
    INFO SettingsConstants: Try save settings
   ERROR SettingsConstants: Successful restore settings!
    INFO SettingsConstants: Try save settings
   ERROR SettingsConstants: Successful restore settings!
    INFO SettingsConstants: Try save settings
   ERROR SettingsConstants: Successful restore settings!
    INFO SettingsConstants: Try save settings
   ERROR SettingsConstants: Successful restore settings!
    INFO SettingsConstants: Try save settings
   ERROR SettingsConstants: Successful restore settings!
    INFO SettingsConstants: Try save settings
   ERROR SettingsConstants: Successful restore settings!
    INFO SettingsConstants: Try save settings
   ERROR SettingsConstants: Successful restore settings!
    INFO SettingsConstants: Try save settings
   ERROR SettingsConstants: Successful restore settings!
    INFO SettingsConstants: Try restore settings
   ERROR SettingsConstants: Successful restore settings!
    INFO SettingsConstants: Try restore settings
    INFO SettingsConstants: Try save settings
   ERROR SettingsConstants: Successful restore settings!
   ERROR SettingsConstants: Successful restore settings!
    INFO SettingsConstants: Try save settings
   ERROR SettingsConstants: Successful restore settings!
    INFO SettingsConstants: Try save settings
   ERROR SettingsConstants: Successful restore settings!
    INFO SettingsConstants: Try save settings
   ERROR SettingsConstants: Successful restore settings!
    INFO SettingsConstants: Try save settings
   ERROR SettingsConstants: Successful restore settings!
    INFO SettingsConstants: Try save settings
   ERROR SettingsConstants: Successful restore settings!
    INFO SettingsConstants: Try save settings
   ERROR SettingsConstants: Successful restore settings!
    INFO SettingsConstants: Try restore settings
   ERROR SettingsConstants: Successful restore settings!
    INFO SettingsConstants: Try restore settings
   ERROR SettingsConstants: Successful restore settings!
    INFO SettingsConstants: Try restore settings
   ERROR SettingsConstants: Successful restore settings!
    INFO SettingsConstants: Try restore settings
   ERROR SettingsConstants: Successful restore settings!
    INFO SettingsConstants: Try restore settings
    INFO SettingsConstants: Successful restore settings!
    INFO SettingsConstants: Try restore settings
    INFO SettingsConstants: Successful restore settings!
    INFO SettingsConstants: Try restore settings
    INFO SettingsConstants: Successful restore settings!
    INFO SettingsConstants: Try restore settings
    INFO SettingsConstants: Successful restore settings!
    INFO SettingsConstants: Try restore settings
    INFO SettingsConstants: Successful restore settings!
    INFO SettingsConstants: Try save settings
   ERROR SettingsConstants: Successful restore settings!
    INFO SettingsConstants: Try save settings
   ERROR SettingsConstants: Successful restore settings!
    INFO SettingsConstants: Try save settings
   ERROR SettingsConstants: Successful restore settings!
    INFO SettingsConstants: Try save settings
   ERROR SettingsConstants: Successful restore settings!
    INFO SettingsConstants: Try save settings
   ERROR SettingsConstants: Successful restore settings!
    INFO SettingsConstants: Try restore settings
    INFO SettingsConstants: Successful restore settings!
    INFO SettingsConstants: Try save settings
   ERROR SettingsConstants: Successful restore settings!
    INFO SettingsConstants: Try save settings
   ERROR SettingsConstants: Successful restore settings!
    INFO SettingsConstants: Try save settings
   ERROR SettingsConstants: Successful restore settings!
    INFO SettingsConstants: Try save settings
   ERROR SettingsConstants: Successful restore settings!
    INFO SettingsConstants: Try save settings
   ERROR SettingsConstants: Successful restore settings!
    INFO SettingsConstants: Try restore settings
    INFO SettingsConstants: Successful restore settings!
    INFO SettingsConstants: Try restore settings
    INFO SettingsConstants: Try save settings
   ERROR SettingsConstants: Successful restore settings!
    INFO SettingsConstants: Successful restore settings!
    INFO SettingsConstants: Try save settings
   ERROR SettingsConstants: Successful restore settings!
    INFO SettingsConstants: Try save settings
   ERROR SettingsConstants: Successful restore settings!
    INFO SettingsConstants: Try save settings
   ERROR SettingsConstants: Successful restore settings!
    INFO SettingsConstants: Try save settings
   ERROR SettingsConstants: Successful restore settings!
    INFO SettingsConstants: Try save settings
   ERROR SettingsConstants: Successful restore settings!
    INFO SettingsConstants: Try restore settings
    INFO SettingsConstants: Successful restore settings!
    INFO SettingsConstants: Try restore settings
    INFO SettingsConstants: Try save settings
   ERROR SettingsConstants: Successful restore settings!
    INFO SettingsConstants: Successful restore settings!
    INFO SettingsConstants: Try save settings
   ERROR SettingsConstants: Successful restore settings!
    INFO SettingsConstants: Try save settings
   ERROR SettingsConstants: Successful restore settings!
    INFO SettingsConstants: Try save settings
   ERROR SettingsConstants: Successful restore settings!
    INFO SettingsConstants: Try save settings
   ERROR SettingsConstants: Successful restore settings!
    INFO SettingsConstants: Try save settings
   ERROR SettingsConstants: Successful restore settings!
    INFO SettingsConstants: Try restore settings
    INFO SettingsConstants: Successful restore settings!
    INFO SettingsConstants: Try restore settings
    INFO SettingsConstants: Try save settings
   ERROR SettingsConstants: Successful restore settings!
    INFO SettingsConstants: Successful restore settings!
    INFO SettingsConstants: Try save settings
   ERROR SettingsConstants: Successful restore settings!
    INFO SettingsConstants: Try save settings
   ERROR SettingsConstants: Successful restore settings!
    INFO SettingsConstants: Try save settings
   ERROR SettingsConstants: Successful restore settings!
    INFO SettingsConstants: Try save settings
   ERROR SettingsConstants: Successful restore settings!
    INFO SettingsConstants: Try save settings
   ERROR SettingsConstants: Successful restore settings!
    INFO SettingsConstants: Try restore settings
    INFO SettingsConstants: Successful restore settings!
    INFO SettingsConstants: Try restore settings
    INFO SettingsConstants: Successful restore settings!
    INFO SettingsConstants: Try restore settings
    INFO SettingsConstants: Successful restore settings!
    INFO SettingsConstants: Try restore settings
    INFO SettingsConstants: Successful restore settings!
    INFO SettingsConstants: Try save settings
   ERROR SettingsConstants: Successful restore settings!
    INFO SettingsConstants: Try save settings
   ERROR SettingsConstants: Successful restore settings!
    INFO SettingsConstants: Try save settings
   ERROR SettingsConstants: Successful restore settings!
    INFO SettingsConstants: Try save settings
   ERROR SettingsConstants: Successful restore settings!
    INFO SettingsConstants: Try save settings
   ERROR SettingsConstants: Successful restore settings!
    INFO SettingsConstants: Try restore settings
    INFO SettingsConstants: Successful restore settings!
    INFO SettingsConstants: Try save settings
   ERROR SettingsConstants: Successful restore settings!
    INFO SettingsConstants: Try save settings
   ERROR SettingsConstants: Successful restore settings!
    INFO SettingsConstants: Try save settings
   ERROR SettingsConstants: Successful restore settings!
    INFO SettingsConstants: Try save settings
   ERROR SettingsConstants: Successful restore settings!
    INFO SettingsConstants: Try save settings
   ERROR SettingsConstants: Successful restore settings!
    INFO SettingsConstants: Try restore settings
    INFO SettingsConstants: Successful restore settings!
    INFO SettingsConstants: Try save settings
    INFO SettingsConstants: Successful save settings!
    INFO SettingsConstants: Try save settings
    INFO SettingsConstants: Successful save settings!
    INFO SettingsConstants: Try save settings
    INFO SettingsConstants: Successful save settings!
    INFO SettingsConstants: Try save settings
    INFO SettingsConstants: Successful save settings!
    INFO SettingsConstants: Try save settings
    INFO SettingsConstants: Successful save settings!
    INFO SettingsConstants: Try save settings
    INFO SettingsConstants: Successful save settings!
    INFO SettingsConstants: Try save settings
    INFO SettingsConstants: Successful save settings!
    INFO SettingsConstants: Try save settings
    INFO SettingsConstants: Successful save settings!
    INFO SettingsConstants: Try save settings
    INFO SettingsConstants: Successful save settings!
    INFO SettingsConstants: Try save settings
    INFO SettingsConstants: Successful save settings!
    INFO SettingsConstants: Try save settings
    INFO SettingsConstants: Successful save settings!
    INFO SettingsConstants: Try save settings
    INFO SettingsConstants: Successful save settings!
    INFO SettingsConstants: Try save settings
    INFO SettingsConstants: Successful save settings!
    INFO SettingsConstants: Try save settings
    INFO SettingsConstants: Successful save settings!
    INFO SettingsConstants: Try save settings
    INFO SettingsConstants: Successful save settings!
    INFO SettingsConstants: Try save settings
    INFO SettingsConstants: Successful save settings!
    INFO SettingsConstants: Try save settings
    INFO SettingsConstants: Successful save settings!
    INFO SettingsConstants: Try save settings
    INFO SettingsConstants: Successful save settings!
    INFO SettingsConstants: Try save settings
    INFO SettingsConstants: Successful save settings!
    INFO SettingsConstants: Try save settings
    INFO SettingsConstants: Successful save settings!
    INFO SettingsConstants: Try save settings
    INFO SettingsConstants: Successful save settings!
    INFO SettingsConstants: Try save settings
    INFO SettingsConstants: Successful save settings!
    INFO SettingsConstants: Try save settings
    INFO SettingsConstants: Successful save settings!
    INFO SettingsConstants: Try save settings
    INFO SettingsConstants: Successful save settings!
    INFO SettingsConstants: Try save settings
    INFO SettingsConstants: Successful save settings!
    INFO SettingsConstants: Try save settings
    INFO SettingsConstants: Successful save settings!
    INFO SettingsConstants: Try save settings
    INFO SettingsConstants: Successful save settings!
    INFO SettingsConstants: Try save settings
    INFO SettingsConstants: Successful save settings!
    INFO SettingsConstants: Try save settings
    INFO SettingsConstants: Successful save settings!
    INFO SettingsConstants: Try save settings
    INFO SettingsConstants: Successful save settings!
    INFO SettingsConstants: Try restore settings
    INFO SettingsConstants: Successful restore settings!
    INFO SettingsConstants: Try restore settings
    INFO SettingsConstants: Successful restore settings!
    INFO SettingsConstants: Try save settings
    INFO SettingsConstants: Successful save settings!
    INFO SettingsConstants: Try save settings
    INFO SettingsConstants: Successful save settings!
    INFO SettingsConstants: Try save settings
    INFO SettingsConstants: Successful save settings!
    INFO SettingsConstants: Try save settings
    INFO SettingsConstants: Successful save settings!
    INFO SettingsConstants: Try save settings
    INFO SettingsConstants: Successful save settings!
    INFO SettingsConstants: Try restore settings
    INFO SettingsConstants: Successful restore settings!
    INFO SettingsConstants: Try restore settings
    INFO SettingsConstants: Successful restore settings!
    INFO SettingsConstants: Try save settings
    INFO SettingsConstants: Successful save settings!
    INFO SettingsConstants: Try save settings
    INFO SettingsConstants: Successful save settings!
    INFO SettingsConstants: Try save settings
    INFO SettingsConstants: Successful save settings!
    INFO SettingsConstants: Try save settings
    INFO SettingsConstants: Successful save settings!
    INFO SettingsConstants: Try save settings
    INFO SettingsConstants: Successful save settings!
    INFO SettingsConstants: Try restore settings
    INFO SettingsConstants: Successful restore settings!
    INFO SettingsConstants: Try save settings
    INFO SettingsConstants: Successful save settings!
    INFO SettingsConstants: Try save settings
    INFO SettingsConstants: Successful save settings!
    INFO SettingsConstants: Try save settings
    INFO SettingsConstants: Successful save settings!
    INFO SettingsConstants: Try save settings
    INFO SettingsConstants: Successful save settings!
    INFO SettingsConstants: Try save settings
    INFO SettingsConstants: Successful save settings!
    INFO SettingsConstants: Try restore settings
    INFO SettingsConstants: Successful restore settings!
    INFO SettingsConstants: Try restore settings
    INFO SettingsConstants: Successful restore settings!
    INFO SettingsConstants: Try restore settings
    INFO SettingsConstants: Successful restore settings!
    INFO SettingsConstants: Try save settings
    INFO SettingsConstants: Successful save settings!
    INFO SettingsConstants: Try save settings
    INFO SettingsConstants: Successful save settings!
    INFO SettingsConstants: Try save settings
    INFO SettingsConstants: Successful save settings!
    INFO SettingsConstants: Try save settings
    INFO SettingsConstants: Successful save settings!
    INFO SettingsConstants: Try save settings
    INFO SettingsConstants: Successful save settings!
    INFO SettingsConstants: Try restore settings
    INFO SettingsConstants: Successful restore settings!
    INFO SettingsConstants: Try restore settings
    INFO SettingsConstants: Successful restore settings!
    INFO SettingsConstants: Try restore settings
    INFO SettingsConstants: Successful restore settings!
    INFO SettingsConstants: Try restore settings
    INFO SettingsConstants: Successful restore settings!
    INFO SettingsConstants: Try restore settings
    INFO SettingsConstants: Successful restore settings!
    INFO SettingsConstants: Try restore settings
    INFO SettingsConstants: Successful restore settings!
    INFO SettingsConstants: Try restore settings
    INFO SettingsConstants: Successful restore settings!
    INFO SettingsConstants: Try restore settings
    INFO SettingsConstants: Successful restore settings!
    INFO SettingsConstants: Try restore settings
    INFO SettingsConstants: Successful restore settings!
    INFO SettingsConstants: Try restore settings
    INFO SettingsConstants: Successful restore settings!
    INFO SettingsConstants: Try restore settings
    INFO SettingsConstants: Successful restore settings!
    INFO SettingsConstants: Try restore settings
    INFO SettingsConstants: Successful restore settings!
    INFO SettingsConstants: Try restore settings
    INFO SettingsConstants: Successful restore settings!
    INFO SettingsConstants: Try restore settings
    INFO SettingsConstants: Successful restore settings!
    INFO SettingsConstants: Try restore settings
    INFO SettingsConstants: Successful restore settings!
    INFO SettingsConstants: Try restore settings
    INFO SettingsConstants: Successful restore settings!
    INFO SettingsConstants: Try restore settings
    INFO SettingsConstants: Successful restore settings!
    INFO SettingsConstants: Try restore settings
    INFO SettingsConstants: Successful restore settings!
    INFO SettingsConstants: Try restore settings
    INFO SettingsConstants: Successful restore settings!
    INFO SettingsConstants: Try restore settings
    INFO SettingsConstants: Successful restore settings!
    INFO SettingsConstants: Try restore settings
    INFO SettingsConstants: Successful restore settings!
    INFO SettingsConstants: Try restore settings
    INFO SettingsConstants: Successful restore settings!
